Indice treinadores_idx criado com sucesso!
Indice bolsomons_idx criado com sucesso!
Indice batalhas_idx criado com sucesso!
Indice resultados_idx criado com sucesso!
Indice preco_bolsomon_idx criado com sucesso!
Indice treinador_bolsomons_idx criado com sucesso!
Indice treinador_possui_bolsomon_idx criado com sucesso!
Indice data_idx criado com sucesso!
INSERT INTO batalhas VALUES ('202411201830', '022010', '0004', '427143763039123084231193804621236599325127759100462199951004621955728495612348392049123491230562845839205647237283956230165037521605', '001001001001001001001001001001000001', '022010021005020109015515014210013252012417011442010522005414004244003122', '000500030001000000000000000000000000000000000000', '111122223333444455556666777788889999000011112222');
ERRO: Registro nao encontrado
INSERT INTO batalhas VALUES ('202411142120', '004012', '0001', '912308423114271437630365037521605938046212365993251977491004621999510046219557284956123483920491234912305628458392056472372839562301', '001000001001001001001001001001001001', '004012003522003210003053002738002322002209001954001742001010000420000205', '001100000000000000000000000000000000000000000000', '333344445555666677778888999900001111222233334444');
ERRO: O treinador 72839562301 nao possui o bolsomon Lagarteza
INSERT INTO batalhas VALUES ('202411142120', '004112', '0008', '912308423114271437630365037521605938046212365993251977491004621999510046219557284956123483920491234912305628458392056472372839562301', '001000001001001001001001001001001000', '004012003522003210003053002738002322002209001954001742001010000420000205', '001100000000000000000000000000000000000000000000', '555566667777888899990000111122223333444455556666');
OK
INSERT INTO batalhas VALUES ('202411142120', '004528', '0074', '427143763039123084231193804621236599325197749100462199951004621955728495612348392049123491230562845839205647237283956230165037521605', '001001001001001001001001001001000001', '022010021005020109015515014210013252012417011442010522005414004244003122', '000500030001000000000000000000000000000000000000', '777788889999000011112222333344445555666677778888');
OK
SELECT * FROM bolsomons WHERE preco_bolsobolas <= ('SELECT bolsobolas FROM treinadores WHERE id_treinador = '91230842311' ');
001, Lagarteza, Camuflar, 150.50
000, Bolsosaur, Ataque de vinhas, 600.00
002, Pescachu, Choque do trovao, 800.00
SELECT * FROM batalhas WHERE id_batalha = '00000001';
Registros percorridos: 1
00000001, 202411142120, 004528, 0074
DELETE FROM treinadores WHERE id_treinador = '91230842311';
OK
DELETE FROM treinadores WHERE id_treinador = '59932519774';
OK
UPDATE treinadores SET bolsobolas = bolsobolas + '185.21' WHERE id_treinador = '91230842311';
ERRO: Registro nao encontrado
echo file ARQUIVO_TREINADORES
*|230842311;Nanis;202411191430;000000000000;0000002000.00;######################################42714376303;BrumKs;202411191450;000000000000;0000000010.00;#####################################65037521605;TheGhost;202411200230;000000000000;0000000000.00;###################################93804621236;Maximus;202411200400;000000000000;0000000000.00;####################################*|932519774;MaximusJr;202411200130;000000000000;0000000000.00;##################################91004621999;LorenGC;202411191430;000000000000;0000004010.00;####################################51004621955;Wallksss;202411190730;000000000000;0000003905.00;###################################72849561234;Bagi;202411190430;000000000000;0000000800.00;#######################################83920491234;Swayy;202411200137;000000000000;0000000500.20;######################################91230562845;Tony;202411200245;000000000000;0000000330.00;#######################################83920564723;Nino;202411192142;000000000000;0000002050.00;#######################################72839562301;Snarfx;202411191737;000000000000;0000000099.99;#####################################
echo file ARQUIVO_BOLSOMONS
000;Bolsosaur;Ataque de vinhas;0000000600.00;#######################################################001;Lagarteza;Camuflar;0000000150.50;###############################################################002;Pescachu;Choque do trovao;0000000800.00;########################################################
echo file ARQUIVO_BATALHAS
000000002024111421200041120008000000012024111421200045280074
echo file ARQUIVO_TREINADOR_POSSUI_BOLSOMON
9123084231100142714376303000427143763030016503752160500193804621236001599325197740019100462199900151004621955001510046219550007284956123400183920491234001912305628450018392056472300172839562301000
echo file ARQUIVO_RESULTADOS
912308423110000000000111042714376303000000000000006503752160500000000001000938046212360000000000100059932519774000000000010019100462199900000000001000510046219550000000000100072849561234000000000010008392049123400000000001000912305628450000000000100083920564723000000000010007283956230100000000000000427143763030000000100111091230842311000000010010009380462123600000001001001599325197740000000100100091004621999000000010010005100462195500000001001000728495612340000000100100083920491234000000010010009123056284500000001001000839205647230000000100100072839562301000000010000006503752160500000001001000
echo index treinadores_idx
42714376303, 1
51004621955, 6
59932519774, -1
65037521605, 2
72839562301, 11
72849561234, 7
83920491234, 8
83920564723, 10
91004621999, 5
91230562845, 9
91230842311, -1
93804621236, 3
echo index bolsomons_idx
000, 0
001, 1
002, 2
echo index preco_bolsomon_idx
150.50, 001
600.00, 000
800.00, 002
echo index batalhas_idx
00000000, 0
00000001, 1
echo index treinador_possui_bolsomon_idx
42714376303, 000, 1
42714376303, 001, 2
51004621955, 000, 8
51004621955, 001, 7
59932519774, 001, 5
65037521605, 001, 3
72839562301, 000, 13
72849561234, 001, 9
83920491234, 001, 10
83920564723, 001, 12
91004621999, 001, 6
91230562845, 001, 11
91230842311, 001, 0
93804621236, 001, 4
echo index resultados_idx
42714376303, 00000000, 1
42714376303, 00000001, 12
51004621955, 00000000, 6
51004621955, 00000001, 17
59932519774, 00000000, 4
59932519774, 00000001, 15
65037521605, 00000000, 2
65037521605, 00000001, 23
72839562301, 00000000, 11
72839562301, 00000001, 22
72849561234, 00000000, 7
72849561234, 00000001, 18
83920491234, 00000000, 8
83920491234, 00000001, 19
83920564723, 00000000, 10
83920564723, 00000001, 21
91004621999, 00000000, 5
91004621999, 00000001, 16
91230562845, 00000000, 9
91230562845, 00000001, 20
91230842311, 00000000, 0
91230842311, 00000001, 13
93804621236, 00000000, 3
93804621236, 00000001, 14
VACUUM treinadores;
OK
echo file ARQUIVO_TREINADORES
42714376303;BrumKs;202411191450;000000000000;0000000010.00;#####################################65037521605;TheGhost;202411200230;000000000000;0000000000.00;###################################93804621236;Maximus;202411200400;000000000000;0000000000.00;####################################91004621999;LorenGC;202411191430;000000000000;0000004010.00;####################################51004621955;Wallksss;202411190730;000000000000;0000003905.00;###################################72849561234;Bagi;202411190430;000000000000;0000000800.00;#######################################83920491234;Swayy;202411200137;000000000000;0000000500.20;######################################91230562845;Tony;202411200245;000000000000;0000000330.00;#######################################83920564723;Nino;202411192142;000000000000;0000002050.00;#######################################72839562301;Snarfx;202411191737;000000000000;0000000099.99;#####################################
q
