Indice treinadores_idx criado com sucesso!
Indice bolsomons_idx criado com sucesso!
Indice batalhas_idx criado com sucesso!
Indice resultados_idx criado com sucesso!
Indice preco_bolsomon_idx criado com sucesso!
Indice treinador_bolsomons_idx criado com sucesso!
Indice treinador_possui_bolsomon_idx criado com sucesso!
Indice data_idx criado com sucesso!
INSERT INTO treinadores VALUES ('67392034567', 'Nowon');
OK
INSERT INTO treinadores VALUES ('24307783145', 'Aps');
OK
INSERT INTO treinadores VALUES ('72849561234', 'PlayTs');
ERRO: Ja existe um registro com a chave 72849561234
INSERT INTO treinadores VALUES ('57209482376', 'Portz');
OK
INSERT INTO bolsomons VALUES ('Bolsasaur', 'Ataque de vinhas', '600.00');
OK
UPDATE treinadores SET bolsobolas = bolsobolas + '830.50' WHERE id_treinador = '59932519774';
OK
UPDATE treinadores SET bolsobolas = bolsobolas + '830.50' WHERE id_treinador = '67392034567';
OK
SELECT * FROM treinadores WHERE id_treinador = '67392034567';
Registros percorridos: 7 3 5 6
67392034567, Nowon, 202103181430, 000000000000, 830.50
SELECT * FROM treinadores WHERE id_treinador = '24307783145';
Registros percorridos: 7 3 1 0
24307783145, Aps, 202103260628, 000000000000, 0.00
SELECT * FROM bolsomons WHERE id_bolsomon = '001';
Registros percorridos: 1
001, Lagarteza, Camuflar, 150.50
SELECT * FROM bolsomons WHERE id_bolsomon = '039';
Registros percorridos: 1 2
ERRO: Registro nao encontrado
SELECT * FROM treinadores ORDER BY id_treinador ASC;
24307783145, Aps, 202103260628, 000000000000, 0.00
42714376303, BrumKs, 202411191450, 000000000000, 10.00
51004621955, Wallksss, 202411190730, 000000000000, 3905.00
57209482376, Portz, 202104070013, 000000000000, 0.00
59932519774, MaximusJr, 202411200130, 000000000000, 830.50
65037521605, TheGhost, 202411200230, 000000000000, 0.00
67392034567, Nowon, 202103181430, 000000000000, 830.50
72839562301, Snarfx, 202411191737, 000000000000, 99.99
72849561234, Bagi, 202411190430, 000000000000, 800.00
83920491234, Swayy, 202411200137, 000000000000, 500.20
83920564723, Nino, 202411192142, 000000000000, 2050.00
91004621999, LorenGC, 202411191430, 000000000000, 4010.00
91230562845, Tony, 202411200245, 000000000000, 330.00
91230842311, Nanis, 202411191430, 000000000000, 2000.00
93804621236, Maximus, 202411200400, 000000000000, 0.00
SELECT * FROM batalhas WHERE inicio BETWEEN '202411201850' AND '202411222030' ORDER BY inicio ASC;
Registros percorridos: 0
Registros percorridos: 0
00000000, 202411201852, 022010, 0000
echo file ARQUIVO_TREINADORES
91230842311;Nanis;202411191430;000000000000;0000002000.00;######################################42714376303;BrumKs;202411191450;000000000000;0000000010.00;#####################################65037521605;TheGhost;202411200230;000000000000;0000000000.00;###################################93804621236;Maximus;202411200400;000000000000;0000000000.00;####################################59932519774;MaximusJr;202411200130;000000000000;0000000830.50;##################################91004621999;LorenGC;202411191430;000000000000;0000004010.00;####################################51004621955;Wallksss;202411190730;000000000000;0000003905.00;###################################72849561234;Bagi;202411190430;000000000000;0000000800.00;#######################################83920491234;Swayy;202411200137;000000000000;0000000500.20;######################################91230562845;Tony;202411200245;000000000000;0000000330.00;#######################################83920564723;Nino;202411192142;000000000000;0000002050.00;#######################################72839562301;Snarfx;202411191737;000000000000;0000000099.99;#####################################67392034567;Nowon;202103181430;000000000000;0000000830.50;######################################24307783145;Aps;202103260628;000000000000;0000000000.00;########################################57209482376;Portz;202104070013;000000000000;0000000000.00;######################################
echo index treinadores_idx
24307783145, 13
42714376303, 1
51004621955, 6
57209482376, 14
59932519774, 4
65037521605, 2
67392034567, 12
72839562301, 11
72849561234, 7
83920491234, 8
83920564723, 10
91004621999, 5
91230562845, 9
91230842311, 0
93804621236, 3
echo file ARQUIVO_BOLSOMONS
000;Bolsosaur;Ataque de vinhas;0000000600.00;#######################################################001;Lagarteza;Camuflar;0000000150.50;###############################################################002;Bolsasaur;Ataque de vinhas;0000000600.00;#######################################################
echo index bolsomons_idx
000, 0
001, 1
002, 2
echo file ARQUIVO_TREINADOR_POSSUI_BOLSOMON
9123084231100142714376303000427143763030016503752160500193804621236001599325197740019100462199900151004621955001510046219550007284956123400183920491234001912305628450018392056472300172839562301000
echo index treinador_possui_bolsomon_idx
42714376303, 000, 1
42714376303, 001, 2
51004621955, 000, 8
51004621955, 001, 7
59932519774, 001, 5
65037521605, 001, 3
72839562301, 000, 13
72849561234, 001, 9
83920491234, 001, 10
83920564723, 001, 12
91004621999, 001, 6
91230562845, 001, 11
91230842311, 001, 0
93804621236, 001, 4
echo file ARQUIVO_BATALHAS
000000002024112018520220100000
echo index batalhas_idx
00000000, 0
q
